Running: C:\Xilinx\14.7\ISE_DS\ISE\bin\nt64\unwrapped\fuse.exe -intstyle ise -incremental -lib secureip -o C:/Users/Karlo/Desktop/lri2/lab1/uart_controller_tb_isim_beh.exe -prj C:/Users/Karlo/Desktop/lri2/lab1/uart_controller_tb_beh.prj work.uart_controller_tb 
ISim P.20131013 (signature 0x7708f090)
Number of CPUs detected in this system: 8
Turning on mult-threading, number of parallel sub-compilation jobs: 16 
Determining compilation order of HDL files
Parsing VHDL file "C:/Users/Karlo/Desktop/lri2/lab1/transmitter.vhd" into library work
Parsing VHDL file "C:/Users/Karlo/Desktop/lri2/lab1/receiver.vhd" into library work
Parsing VHDL file "C:/Users/Karlo/Desktop/lri2/lab1/brg.vhd" into library work
Parsing VHDL file "C:/Users/Karlo/Desktop/lri2/lab1/uart_controller.vhd" into library work
Parsing VHDL file "C:/Users/Karlo/Desktop/lri2/lab1/uart_controller_tb.vhd" into library work
Starting static elaboration
Completed static elaboration
Compiling package standard
Compiling package std_logic_1164
Compiling package std_logic_arith
Compiling package std_logic_unsigned
Compiling architecture behavioral of entity transmitter [transmitter_default]
Compiling architecture behavioral of entity receiver [receiver_default]
Compiling architecture behavioral of entity brg [brg_default]
Compiling architecture behavioral of entity uart_controller [uart_controller_default]
Compiling architecture behavior of entity uart_controller_tb
Time Resolution for simulation is 1ps.
Waiting for 1 sub-compilation(s) to finish...
WARNING:Simulator - Unable to copy libPortabilityNOSH.dll to the simulation executable directory: boost::filesystem::copy_file: The system cannot find the path specified, "isim\uart_controller_tb_isim_beh.exe.sim\libPortability.dll".
Compiled 13 VHDL Units
Built simulation executable C:/Users/Karlo/Desktop/lri2/lab1/uart_controller_tb_isim_beh.exe
Fuse Memory Usage: 34176 KB
Fuse CPU Usage: 484 ms
