ISim log file
Running: C:\Users\Karlo\Desktop\lri2\lab1\uart_controller_tb_isim_beh.exe -intstyle ise -gui -tclbatch isim.cmd -view C:/Users/Karlo/Desktop/lri2/lab1/tmp.wcfg -wdb C:/Users/Karlo/Desktop/lri2/lab1/uart_controller_tb_isim_beh.wdb 
ISim P.20131013 (signature 0x7708f090)
----------------------------------------------------------------------
INFO:Security:50 - The XILINXD_LICENSE_FILE environment variable is set to '2100@192.168.80.100'.
INFO:Security:52 - The LM_LICENSE_FILE environment variable is set to '2100@192.168.80.100'.
INFO:Security:68a - user is Karlo, on host KARLO-LAPTOP.
WARNING:Security:43 - No license file was found in the standard Xilinx license directory.
WARNING:Security:44 - Since no license file was found,
       please run the Xilinx License Configuration Manager
       (xlcm or "Manage Xilinx Licenses")
       to assist in obtaining a license.
ERROR:Security:14 - No feature was available for 'ISIM'.

License server machine is down or not responding.
 See the system adminstrator about starting the license server system, or
 make sure you're referring to the right host (see LM_LICENSE_FILE).
Feature:       ISIM
Hostname:      192.168.80.100
License path:  2100@192.168.80.100;D:/Xilinx/Vivado/2017.4/data\ip/core_licenses\Xilinx.lic;D:/Xilinx/Vivado/2017.4/data\ip/core_licenses\XilinxFree.lic;C:/.Xilinx;C:\Xilinx\14.7\ISE_DS\ISE\/coregen/core_licenses\Xilinx.lic;C:\Xilinx\14.7\ISE_DS\ISE\/coregen/core_licenses\XilinxFree.lic;C:\Xilinx\14.7\ISE_DS\EDK/data/core_licenses\Xilinx.lic;
FLEXnet Licensing error:-96,491
For further information, refer to the FLEXnet Licensing documentation,
available at "www.flexerasoftware.com".
----------------------------------------------------------------------
WARNING: A full ISim License cannot be checked out due to the issues listed above. Please use Xilinx License Configuration Manager to fix these issues in order to check out a full ISim license.
WARNING: ISim will run in Lite mode. Please refer to the ISim documentation for more information on the differences between the Lite and the Full version.
This is a Lite version of ISim.
Time resolution is 1 ps
# onerror resume
# run 10 ms
Simulator is doing circuit initialization process.
Finished circuit initialization process.
INFO: Simulator is stopped.
# run 10ms
INFO: Simulator is stopped.
# run 2.0us
INFO: Simulator is stopped.
